g:\code\file_management2\debug\vc142.pdb
g:\code\file_management2\debug\vc142.idb
g:\code\file_management2\debug\file_management2.obj
g:\code\file_management2\debug\file.obj
g:\code\file_management2\debug\file_management2.pdb
g:\code\file_management2\debug\file_management2.tlog\cl.command.1.tlog
g:\code\file_management2\debug\file_management2.tlog\cl.read.1.tlog
g:\code\file_management2\debug\file_management2.tlog\cl.write.1.tlog
g:\code\file_management2\debug\file_management2.tlog\link-cvtres.read.1.tlog
g:\code\file_management2\debug\file_management2.tlog\link-cvtres.write.1.tlog
g:\code\file_management2\debug\file_management2.tlog\link-rc.read.1.tlog
g:\code\file_management2\debug\file_management2.tlog\link-rc.write.1.tlog
g:\code\file_management2\debug\file_management2.tlog\link.19920-cvtres.read.1.tlog
g:\code\file_management2\debug\file_management2.tlog\link.19920-cvtres.write.1.tlog
g:\code\file_management2\debug\file_management2.tlog\link.19920-rc.read.1.tlog
g:\code\file_management2\debug\file_management2.tlog\link.19920-rc.write.1.tlog
g:\code\file_management2\debug\file_management2.tlog\link.19920.read.1.tlog
g:\code\file_management2\debug\file_management2.tlog\link.19920.write.1.tlog
g:\code\file_management2\debug\file_management2.tlog\link.command.1.tlog
g:\code\file_management2\debug\file_management2.tlog\link.read.1.tlog
g:\code\file_management2\debug\file_management2.tlog\link.write.1.tlog
